<?xml version="1.0" encoding="UTF-8"?>
<Site BuildName="(empty)"
	BuildStamp="20260224-0932-Experimental"
	Name="(empty)"
	Generator="ctest-3.28.3"
	CompilerName=""
	CompilerVersion=""
	OSName="Linux"
	Hostname="kalamtesla"
	OSRelease="6.17.0-14-generic"
	OSVersion="#14~24.04.1-Ubuntu SMP PREEMPT_DYNAMIC Thu Jan 15 15:52:10 UTC 2"
	OSPlatform="x86_64"
	Is64Bits="1"
	VendorString="GenuineIntel"
	VendorID="Intel Corporation"
	FamilyID="6"
	ModelID="165"
	ProcessorCacheSize="12288"
	NumberOfLogicalCPU="12"
	NumberOfPhysicalCPU="6"
	TotalVirtualMemory="8191"
	TotalPhysicalMemory="31752"
	LogicalProcessorsPerPhysical="2"
	ProcessorClockFrequency="3300.04"
	>
	<Testing>
		<StartDateTime>Feb 24 10:32 CET</StartDateTime>
		<StartTestTime>1771925531</StartTestTime>
		<TestList/>
		<EndDateTime>Feb 24 10:32 CET</EndDateTime>
		<EndTestTime>1771925531</EndTestTime>
		<ElapsedMinutes>0</ElapsedMinutes>
	</Testing>
</Site>
